0 info it worked if it ends with ok
1 verbose cli [ 'node', '/usr/local/bin/npm', 'install', '--save', 'mongoose' ]
2 info using npm@1.4.28
3 info using node@v0.10.33
4 warn package.json Rambo.io@1.0.0 No description
5 warn package.json Rambo.io@1.0.0 No repository field.
6 verbose readDependencies using package.json deps
7 verbose cache add [ 'mongoose', null ]
8 verbose cache add name=undefined spec="mongoose" args=["mongoose",null]
9 verbose parsed url { protocol: null,
9 verbose parsed url   slashes: null,
9 verbose parsed url   auth: null,
9 verbose parsed url   host: null,
9 verbose parsed url   port: null,
9 verbose parsed url   hostname: null,
9 verbose parsed url   hash: null,
9 verbose parsed url   search: null,
9 verbose parsed url   query: null,
9 verbose parsed url   pathname: 'mongoose',
9 verbose parsed url   path: 'mongoose',
9 verbose parsed url   href: 'mongoose' }
10 silly lockFile f25dbdd3-mongoose mongoose
11 verbose lock mongoose /Users/nathannelson/.npm/f25dbdd3-mongoose.lock
12 silly lockFile f25dbdd3-mongoose mongoose
13 silly lockFile f25dbdd3-mongoose mongoose
14 verbose addNamed [ 'mongoose', '' ]
15 verbose addNamed [ null, '*' ]
16 silly lockFile 3bb0fc31-mongoose mongoose@
17 verbose lock mongoose@ /Users/nathannelson/.npm/3bb0fc31-mongoose.lock
18 silly addNameRange { name: 'mongoose', range: '*', hasData: false }
19 verbose request where is /mongoose
20 verbose request registry https://registry.npmjs.org/
21 verbose request id 84718458c5701af3
22 verbose url raw /mongoose
23 verbose url resolving [ 'https://registry.npmjs.org/', './mongoose' ]
24 verbose url resolved https://registry.npmjs.org/mongoose
25 verbose request where is https://registry.npmjs.org/mongoose
26 info trying registry request attempt 1 at 11:21:53
27 verbose etag "C2ZCMWZN0Q10QT9IL1R419PVN"
28 http GET https://registry.npmjs.org/mongoose
29 http 200 https://registry.npmjs.org/mongoose
30 silly registry.get cb [ 200,
30 silly registry.get   { date: 'Mon, 16 Mar 2015 11:21:53 GMT',
30 silly registry.get     server: 'CouchDB/1.5.0 (Erlang OTP/R16B03)',
30 silly registry.get     etag: '"E9PI62E1THYKMYWVQ8X7AXO39"',
30 silly registry.get     'content-type': 'application/json',
30 silly registry.get     'cache-control': 'max-age=60',
30 silly registry.get     'content-length': '303212',
30 silly registry.get     'accept-ranges': 'bytes',
30 silly registry.get     via: '1.1 varnish',
30 silly registry.get     age: '24',
30 silly registry.get     'x-served-by': 'cache-lcy1127-LCY',
30 silly registry.get     'x-cache': 'HIT',
30 silly registry.get     'x-cache-hits': '1',
30 silly registry.get     'x-timer': 'S1426504913.530115,VS0,VE1',
30 silly registry.get     vary: 'Accept',
30 silly registry.get     'keep-alive': 'timeout=10, max=50',
30 silly registry.get     connection: 'Keep-Alive' } ]
31 silly addNameRange number 2 { name: 'mongoose', range: '*', hasData: true }
32 silly addNameRange versions [ 'mongoose',
32 silly addNameRange   [ '0.0.1',
32 silly addNameRange     '0.0.2',
32 silly addNameRange     '0.0.3',
32 silly addNameRange     '0.0.4',
32 silly addNameRange     '0.0.5',
32 silly addNameRange     '1.0.0',
32 silly addNameRange     '1.0.1',
32 silly addNameRange     '1.0.2',
32 silly addNameRange     '0.0.6',
32 silly addNameRange     '1.0.3',
32 silly addNameRange     '1.0.4',
32 silly addNameRange     '1.0.5',
32 silly addNameRange     '1.0.6',
32 silly addNameRange     '1.0.7',
32 silly addNameRange     '1.0.8',
32 silly addNameRange     '1.0.10',
32 silly addNameRange     '1.0.11',
32 silly addNameRange     '1.0.12',
32 silly addNameRange     '1.0.13',
32 silly addNameRange     '1.0.14',
32 silly addNameRange     '1.0.15',
32 silly addNameRange     '1.0.16',
32 silly addNameRange     '1.1.0',
32 silly addNameRange     '1.1.1',
32 silly addNameRange     '1.1.2',
32 silly addNameRange     '1.1.3',
32 silly addNameRange     '1.1.4',
32 silly addNameRange     '1.1.5',
32 silly addNameRange     '1.1.6',
32 silly addNameRange     '1.1.7',
32 silly addNameRange     '1.1.8',
32 silly addNameRange     '1.1.9',
32 silly addNameRange     '1.1.10',
32 silly addNameRange     '1.1.11',
32 silly addNameRange     '1.1.12',
32 silly addNameRange     '1.1.13',
32 silly addNameRange     '1.1.14',
32 silly addNameRange     '1.1.15',
32 silly addNameRange     '1.1.16',
32 silly addNameRange     '1.1.17',
32 silly addNameRange     '1.1.18',
32 silly addNameRange     '1.1.19',
32 silly addNameRange     '1.1.20',
32 silly addNameRange     '1.1.21',
32 silly addNameRange     '1.1.22',
32 silly addNameRange     '1.1.23',
32 silly addNameRange     '1.1.24',
32 silly addNameRange     '1.1.25',
32 silly addNameRange     '1.2.0',
32 silly addNameRange     '1.3.0',
32 silly addNameRange     '1.3.1',
32 silly addNameRange     '1.3.2',
32 silly addNameRange     '1.3.3',
32 silly addNameRange     '1.3.4',
32 silly addNameRange     '1.3.5',
32 silly addNameRange     '1.3.6',
32 silly addNameRange     '1.3.7',
32 silly addNameRange     '1.4.0',
32 silly addNameRange     '1.5.0',
32 silly addNameRange     '1.6.0',
32 silly addNameRange     '1.7.2',
32 silly addNameRange     '1.7.3',
32 silly addNameRange     '1.7.4',
32 silly addNameRange     '1.8.0',
32 silly addNameRange     '1.8.1',
32 silly addNameRange     '1.8.2',
32 silly addNameRange     '1.8.3',
32 silly addNameRange     '1.8.4',
32 silly addNameRange     '2.0.0',
32 silly addNameRange     '2.0.1',
32 silly addNameRange     '2.0.2',
32 silly addNameRange     '2.0.3',
32 silly addNameRange     '2.0.4',
32 silly addNameRange     '2.1.0',
32 silly addNameRange     '2.1.1',
32 silly addNameRange     '2.1.2',
32 silly addNameRange     '2.1.3',
32 silly addNameRange     '2.1.4',
32 silly addNameRange     '2.2.0',
32 silly addNameRange     '2.2.1',
32 silly addNameRange     '2.2.2',
32 silly addNameRange     '2.2.3',
32 silly addNameRange     '2.2.4',
32 silly addNameRange     '2.3.0',
32 silly addNameRange     '2.3.1',
32 silly addNameRange     '2.3.2',
32 silly addNameRange     '2.3.3',
32 silly addNameRange     '2.3.4',
32 silly addNameRange     '2.3.5',
32 silly addNameRange     '2.3.6',
32 silly addNameRange     '2.3.7',
32 silly addNameRange     '2.3.8',
32 silly addNameRange     '2.3.9',
32 silly addNameRange     '2.3.10',
32 silly addNameRange     '2.3.11',
32 silly addNameRange     '2.3.12',
32 silly addNameRange     '2.3.13',
32 silly addNameRange     '2.4.0',
32 silly addNameRange     '2.4.1',
32 silly addNameRange     '2.4.2',
32 silly addNameRange     '2.4.3',
32 silly addNameRange     '2.4.4',
32 silly addNameRange     '2.4.5',
32 silly addNameRange     '2.4.6',
32 silly addNameRange     '2.4.7',
32 silly addNameRange     '2.4.8',
32 silly addNameRange     '2.4.9',
32 silly addNameRange     '2.4.10',
32 silly addNameRange     '2.5.0',
32 silly addNameRange     '2.5.1',
32 silly addNameRange     '2.5.2',
32 silly addNameRange     '2.5.3',
32 silly addNameRange     '2.5.4',
32 silly addNameRange     '2.5.5',
32 silly addNameRange     '2.5.6',
32 silly addNameRange     '2.5.7',
32 silly addNameRange     '2.5.8',
32 silly addNameRange     '2.5.9',
32 silly addNameRange     '2.5.10',
32 silly addNameRange     '2.5.11',
32 silly addNameRange     '2.5.12',
32 silly addNameRange     '2.5.13',
32 silly addNameRange     '2.5.14',
32 silly addNameRange     '2.6.0',
32 silly addNameRange     '2.6.1',
32 silly addNameRange     '2.6.2',
32 silly addNameRange     '2.6.3',
32 silly addNameRange     '2.6.4',
32 silly addNameRange     '2.6.5',
32 silly addNameRange     '2.6.6',
32 silly addNameRange     '2.6.7',
32 silly addNameRange     '2.6.8',
32 silly addNameRange     '2.7.0',
32 silly addNameRange     '2.7.1',
32 silly addNameRange     '2.7.2',
32 silly addNameRange     '2.7.4',
32 silly addNameRange     '2.7.3',
32 silly addNameRange     '3.0.0',
32 silly addNameRange     '3.0.1',
32 silly addNameRange     '3.0.2',
32 silly addNameRange     '2.8.0',
32 silly addNameRange     '3.0.3',
32 silly addNameRange     '3.1.0',
32 silly addNameRange     '2.8.1',
32 silly addNameRange     '3.1.1',
32 silly addNameRange     '2.8.2',
32 silly addNameRange     '2.8.3',
32 silly addNameRange     '2.9.0',
32 silly addNameRange     '3.2.0',
32 silly addNameRange     '2.9.1',
32 silly addNameRange     '3.2.1',
32 silly addNameRange     '2.9.2',
32 silly addNameRange     '3.2.2',
32 silly addNameRange     '3.3.0',
32 silly addNameRange     '3.3.1',
32 silly addNameRange     '2.9.3',
32 silly addNameRange     '3.4.0',
32 silly addNameRange     '2.9.4',
32 silly addNameRange     '2.9.5',
32 silly addNameRange     '3.5.0',
32 silly addNameRange     '3.5.1',
32 silly addNameRange     '3.5.2',
32 silly addNameRange     '3.5.3',
32 silly addNameRange     '2.9.6',
32 silly addNameRange     '2.9.7',
32 silly addNameRange     '3.5.4',
32 silly addNameRange     '3.5.5',
32 silly addNameRange     '2.9.8',
32 silly addNameRange     '2.9.9',
32 silly addNameRange     '3.5.6',
32 silly addNameRange     '3.5.7',
32 silly addNameRange     '3.5.8',
32 silly addNameRange     '2.9.10',
32 silly addNameRange     '3.5.9',
32 silly addNameRange     '3.6.2',
32 silly addNameRange     '3.5.10',
32 silly addNameRange     '3.6.3',
32 silly addNameRange     '3.5.11',
32 silly addNameRange     '3.6.4',
32 silly addNameRange     '3.6.5',
32 silly addNameRange     '3.6.6',
32 silly addNameRange     '3.6.7',
32 silly addNameRange     '3.5.12',
32 silly addNameRange     '3.6.8',
32 silly addNameRange     '3.6.9',
32 silly addNameRange     '3.6.10',
32 silly addNameRange     '3.5.13',
32 silly addNameRange     '3.5.14',
32 silly addNameRange     '3.6.11',
32 silly addNameRange     '3.6.12',
32 silly addNameRange     '3.6.13',
32 silly addNameRange     '3.6.14',
32 silly addNameRange     '3.6.15',
32 silly addNameRange     '3.5.15',
32 silly addNameRange     '3.7.0',
32 silly addNameRange     '3.6.16',
32 silly addNameRange     '3.5.16',
32 silly addNameRange     '3.6.17',
32 silly addNameRange     '3.7.2',
32 silly addNameRange     '3.0.0-alpha1',
32 silly addNameRange     '3.0.0-alpha2',
32 silly addNameRange     '3.0.0-rc0',
32 silly addNameRange     '3.6.0-rc0',
32 silly addNameRange     '3.6.0-rc1',
32 silly addNameRange     '3.6.18',
32 silly addNameRange     '3.7.3',
32 silly addNameRange     '3.6.19',
32 silly addNameRange     '3.6.20',
32 silly addNameRange     '3.7.4',
32 silly addNameRange     '3.8.0',
32 silly addNameRange     '3.8.1',
32 silly addNameRange     '3.8.2',
32 silly addNameRange     '3.8.3',
32 silly addNameRange     '3.8.4',
32 silly addNameRange     '3.8.5',
32 silly addNameRange     '3.8.6',
32 silly addNameRange     '3.8.7',
32 silly addNameRange     '3.8.8',
32 silly addNameRange     '3.8.9',
32 silly addNameRange     '3.8.10',
32 silly addNameRange     '3.8.11',
32 silly addNameRange     '3.9.0',
32 silly addNameRange     '3.8.12',
32 silly addNameRange     '3.8.13',
32 silly addNameRange     '3.8.14',
32 silly addNameRange     '3.8.15',
32 silly addNameRange     '3.9.1',
32 silly addNameRange     '3.8.16',
32 silly addNameRange     '3.9.2',
32 silly addNameRange     '3.8.17',
32 silly addNameRange     '3.9.3',
32 silly addNameRange     '3.8.18',
32 silly addNameRange     '3.9.4',
32 silly addNameRange     '3.8.19',
32 silly addNameRange     '3.9.5',
32 silly addNameRange     '3.8.20',
32 silly addNameRange     '3.9.6',
32 silly addNameRange     '3.8.21',
32 silly addNameRange     '3.9.7',
32 silly addNameRange     '3.8.22',
32 silly addNameRange     '4.0.0-rc0',
32 silly addNameRange     '4.0.0-rc1',
32 silly addNameRange     '3.8.23',
32 silly addNameRange     '4.0.0-rc2',
32 silly addNameRange     '3.8.24',
32 silly addNameRange     '4.0.0-rc3',
32 silly addNameRange     '3.8.25',
32 silly addNameRange     '4.0.0-rc4' ] ]
33 verbose addNamed [ 'mongoose', '3.8.25' ]
34 verbose addNamed [ '3.8.25', '3.8.25' ]
35 silly lockFile 4fa33961-mongoose-3-8-25 mongoose@3.8.25
36 verbose lock mongoose@3.8.25 /Users/nathannelson/.npm/4fa33961-mongoose-3-8-25.lock
37 silly lockFile 1b993610-org-mongoose-mongoose-3-8-25-tgz https://registry.npmjs.org/mongoose/-/mongoose-3.8.25.tgz
38 verbose lock https://registry.npmjs.org/mongoose/-/mongoose-3.8.25.tgz /Users/nathannelson/.npm/1b993610-org-mongoose-mongoose-3-8-25-tgz.lock
39 verbose addRemoteTarball [ 'https://registry.npmjs.org/mongoose/-/mongoose-3.8.25.tgz',
39 verbose addRemoteTarball   'f440c47bd628c2c398464f83e526148eeb829089' ]
40 info retry fetch attempt 1 at 11:21:53
41 verbose fetch to= /var/folders/lk/v6gycpls2lv3xzfrk85xb19m0000gn/T/npm-5531-DJb4sfsX/registry.npmjs.org/mongoose/-/mongoose-3.8.25.tgz
42 http GET https://registry.npmjs.org/mongoose/-/mongoose-3.8.25.tgz
43 http 200 https://registry.npmjs.org/mongoose/-/mongoose-3.8.25.tgz
44 silly lockFile 1b993610-org-mongoose-mongoose-3-8-25-tgz https://registry.npmjs.org/mongoose/-/mongoose-3.8.25.tgz
45 silly lockFile 1b993610-org-mongoose-mongoose-3-8-25-tgz https://registry.npmjs.org/mongoose/-/mongoose-3.8.25.tgz
46 silly lockFile 4fa33961-mongoose-3-8-25 mongoose@3.8.25
47 silly lockFile 4fa33961-mongoose-3-8-25 mongoose@3.8.25
48 silly lockFile 3bb0fc31-mongoose mongoose@
49 silly lockFile 3bb0fc31-mongoose mongoose@
50 error Error: EACCES, mkdir '/Users/nathannelson/.npm/mongoose/3.8.25'
50 error  { [Error: EACCES, mkdir '/Users/nathannelson/.npm/mongoose/3.8.25']
50 error   errno: 3,
50 error   code: 'EACCES',
50 error   path: '/Users/nathannelson/.npm/mongoose/3.8.25',
50 error   parent: 'Rambo.io' }
51 error Please try running this command again as root/Administrator.
52 error System Darwin 14.1.0
53 error command "node" "/usr/local/bin/npm" "install" "--save" "mongoose"
54 error cwd /Projects/Rambo.io
55 error node -v v0.10.33
56 error npm -v 1.4.28
57 error path /Users/nathannelson/.npm/mongoose/3.8.25
58 error code EACCES
59 error errno 3
60 error stack Error: EACCES, mkdir '/Users/nathannelson/.npm/mongoose/3.8.25'
61 verbose exit [ 3, true ]
